生成启动时间为 17-4-11 16:07:51。
     1>项目“C:\Users\Administrator.USER-20170328KV\Desktop\AMS_最终版\AMS_2\AMS\AccountManagement\AccountManagement.vcxproj”在节点 2 上(build 个目标)。
     1>InitializeBuildStatus:
         正在创建“Debug\AccountManagement.unsuccessfulbuild”，因为已指定“AlwaysCreate”。
       ClCompile:
         C:\Program Files (x86)\Microsoft Visual Studio 10.0\VC\bin\CL.exe /c /ZI /nologo /W3 /WX- /Od /Oy- /D _MBCS /Gm /EHsc /RTC1 /MDd /GS /fp:precise /Zc:wchar_t /Zc:forScope /Fo"Debug\\" /Fd"Debug\vc100.pdb" /Gd /TP /analyze- /errorReport:prompt card_service.cpp
         card_service.cpp
     1>c:\users\administrator.user-20170328kv\desktop\ams_最终版\ams_2\ams\accountmanagement\card_service.cpp(18): warning C4996: 'scanf': This function or variable may be unsafe. Consider using scanf_s instead. To disable deprecation, use _CRT_SECURE_NO_WARNINGS. See online help for details.
                 c:\program files (x86)\microsoft visual studio 10.0\vc\include\stdio.h(304) : 参见“scanf”的声明
     1>c:\users\administrator.user-20170328kv\desktop\ams_最终版\ams_2\ams\accountmanagement\card_service.cpp(35): warning C4996: 'scanf': This function or variable may be unsafe. Consider using scanf_s instead. To disable deprecation, use _CRT_SECURE_NO_WARNINGS. See online help for details.
                 c:\program files (x86)\microsoft visual studio 10.0\vc\include\stdio.h(304) : 参见“scanf”的声明
     1>c:\users\administrator.user-20170328kv\desktop\ams_最终版\ams_2\ams\accountmanagement\card_service.cpp(38): warning C4996: 'scanf': This function or variable may be unsafe. Consider using scanf_s instead. To disable deprecation, use _CRT_SECURE_NO_WARNINGS. See online help for details.
                 c:\program files (x86)\microsoft visual studio 10.0\vc\include\stdio.h(304) : 参见“scanf”的声明
     1>c:\users\administrator.user-20170328kv\desktop\ams_最终版\ams_2\ams\accountmanagement\card_service.cpp(67): warning C4996: 'scanf': This function or variable may be unsafe. Consider using scanf_s instead. To disable deprecation, use _CRT_SECURE_NO_WARNINGS. See online help for details.
                 c:\program files (x86)\microsoft visual studio 10.0\vc\include\stdio.h(304) : 参见“scanf”的声明
     1>c:\users\administrator.user-20170328kv\desktop\ams_最终版\ams_2\ams\accountmanagement\card_service.cpp(70): warning C4996: 'scanf': This function or variable may be unsafe. Consider using scanf_s instead. To disable deprecation, use _CRT_SECURE_NO_WARNINGS. See online help for details.
                 c:\program files (x86)\microsoft visual studio 10.0\vc\include\stdio.h(304) : 参见“scanf”的声明
     1>c:\users\administrator.user-20170328kv\desktop\ams_最终版\ams_2\ams\accountmanagement\card_service.cpp(101): warning C4996: 'scanf': This function or variable may be unsafe. Consider using scanf_s instead. To disable deprecation, use _CRT_SECURE_NO_WARNINGS. See online help for details.
                 c:\program files (x86)\microsoft visual studio 10.0\vc\include\stdio.h(304) : 参见“scanf”的声明
     1>c:\users\administrator.user-20170328kv\desktop\ams_最终版\ams_2\ams\accountmanagement\card_service.cpp(104): warning C4996: 'scanf': This function or variable may be unsafe. Consider using scanf_s instead. To disable deprecation, use _CRT_SECURE_NO_WARNINGS. See online help for details.
                 c:\program files (x86)\microsoft visual studio 10.0\vc\include\stdio.h(304) : 参见“scanf”的声明
     1>c:\users\administrator.user-20170328kv\desktop\ams_最终版\ams_2\ams\accountmanagement\card_service.cpp(113): warning C4996: 'scanf': This function or variable may be unsafe. Consider using scanf_s instead. To disable deprecation, use _CRT_SECURE_NO_WARNINGS. See online help for details.
                 c:\program files (x86)\microsoft visual studio 10.0\vc\include\stdio.h(304) : 参见“scanf”的声明
     1>c:\users\administrator.user-20170328kv\desktop\ams_最终版\ams_2\ams\accountmanagement\card_service.cpp(133): warning C4996: 'scanf': This function or variable may be unsafe. Consider using scanf_s instead. To disable deprecation, use _CRT_SECURE_NO_WARNINGS. See online help for details.
                 c:\program files (x86)\microsoft visual studio 10.0\vc\include\stdio.h(304) : 参见“scanf”的声明
     1>c:\users\administrator.user-20170328kv\desktop\ams_最终版\ams_2\ams\accountmanagement\card_service.cpp(136): warning C4996: 'scanf': This function or variable may be unsafe. Consider using scanf_s instead. To disable deprecation, use _CRT_SECURE_NO_WARNINGS. See online help for details.
                 c:\program files (x86)\microsoft visual studio 10.0\vc\include\stdio.h(304) : 参见“scanf”的声明
     1>c:\users\administrator.user-20170328kv\desktop\ams_最终版\ams_2\ams\accountmanagement\card_service.cpp(146): warning C4996: 'scanf': This function or variable may be unsafe. Consider using scanf_s instead. To disable deprecation, use _CRT_SECURE_NO_WARNINGS. See online help for details.
                 c:\program files (x86)\microsoft visual studio 10.0\vc\include\stdio.h(304) : 参见“scanf”的声明
     1>c:\users\administrator.user-20170328kv\desktop\ams_最终版\ams_2\ams\accountmanagement\card_service.cpp(174): warning C4996: 'scanf': This function or variable may be unsafe. Consider using scanf_s instead. To disable deprecation, use _CRT_SECURE_NO_WARNINGS. See online help for details.
                 c:\program files (x86)\microsoft visual studio 10.0\vc\include\stdio.h(304) : 参见“scanf”的声明
     1>c:\users\administrator.user-20170328kv\desktop\ams_最终版\ams_2\ams\accountmanagement\card_service.cpp(177): warning C4996: 'scanf': This function or variable may be unsafe. Consider using scanf_s instead. To disable deprecation, use _CRT_SECURE_NO_WARNINGS. See online help for details.
                 c:\program files (x86)\microsoft visual studio 10.0\vc\include\stdio.h(304) : 参见“scanf”的声明
       Link:
         C:\Program Files (x86)\Microsoft Visual Studio 10.0\VC\bin\link.exe /ERRORREPORT:PROMPT /OUT:"C:\Users\Administrator.USER-20170328KV\Desktop\AMS_最终版\AMS_2\AMS\Debug\AccountManagement.exe" /NOLOGO kernel32.lib user32.lib gdi32.lib winspool.lib comdlg32.lib advapi32.lib shell32.lib ole32.lib oleaut32.lib uuid.lib odbc32.lib odbccp32.lib /MANIFEST /ManifestFile:"Debug\AccountManagement.exe.intermediate.manifest" /MANIFESTUAC:"level='asInvoker' uiAccess='false'" /DEBUG /PDB:"C:\Users\Administrator.USER-20170328KV\Desktop\AMS_最终版\AMS_2\AMS\Debug\AccountManagement.pdb" /TLBID:1 /DYNAMICBASE /NXCOMPAT /IMPLIB:"C:\Users\Administrator.USER-20170328KV\Desktop\AMS_最终版\AMS_2\AMS\Debug\AccountManagement.lib" /MACHINE:X86 Debug\billing.obj
         Debug\card_file.obj
         Debug\card_service.obj
         Debug\Main.obj
         Debug\menu.obj
         LINK : 没有找到 C:\Users\Administrator.USER-20170328KV\Desktop\AMS_最终版\AMS_2\AMS\Debug\AccountManagement.exe 或上一个增量链接没有生成它；正在执行完全链接
         AccountManagement.vcxproj -> C:\Users\Administrator.USER-20170328KV\Desktop\AMS_最终版\AMS_2\AMS\Debug\AccountManagement.exe
       Manifest:
         C:\Program Files (x86)\Microsoft SDKs\Windows\v7.0A\bin\mt.exe /nologo /verbose /outputresource:"C:\Users\Administrator.USER-20170328KV\Desktop\AMS_最终版\AMS_2\AMS\Debug\AccountManagement.exe;#1" /manifest Debug\AccountManagement.exe.intermediate.manifest
       FinalizeBuildStatus:
         正在删除文件“Debug\AccountManagement.unsuccessfulbuild”。
         正在对“Debug\AccountManagement.lastbuildstate”执行 Touch 任务。
     1>已完成生成项目“C:\Users\Administrator.USER-20170328KV\Desktop\AMS_最终版\AMS_2\AMS\AccountManagement\AccountManagement.vcxproj”(build 个目标)的操作。

生成成功。

已用时间 00:00:00.87
